2022-09-16 21:48:34,387 [ERROR] [main] com.mobi.config.log.GameLog model:class com.mobi.config.configModel.CharacterConfigModel|field:character_type|val:IN:[1;2]
2022-09-16 21:48:34,397 [ERROR] [main] com.mobi.config.log.GameLog model:class com.mobi.config.configModel.CharacterConfigModel|field:gender|val:IN:[1;2]
2022-09-16 21:48:34,397 [ERROR] [main] com.mobi.config.log.GameLog 解析表class com.mobi.config.configModel.CharacterConfigModel时 ArrArrInt数据错误
2022-09-16 21:48:34,398 [ERROR] [main] com.mobi.config.log.GameLog model:class com.mobi.config.configModel.CharacterConfigModel|field:id|val:LimitRow
2022-09-16 21:48:34,401 [ERROR] [main] com.mobi.config.log.GameLog model:class com.mobi.config.configModel.MonsterConfigModel|field:character_type|val:1.0
2022-09-16 21:48:34,402 [ERROR] [main] com.mobi.config.log.GameLog model:class com.mobi.config.configModel.MonsterConfigModel|field:gender|val:2.0
2022-09-16 21:48:34,402 [ERROR] [main] com.mobi.config.log.GameLog model:class com.mobi.config.configModel.MonsterConfigModel|field:model_id|val:101.0
2022-09-16 21:48:34,403 [ERROR] [main] com.mobi.config.log.GameLog 解析表class com.mobi.config.configModel.MonsterConfigModel时 ArrArrInt数据错误
2022-09-16 21:48:34,404 [ERROR] [main] com.mobi.config.log.GameLog model:class com.mobi.config.configModel.HeroConfigModel|field:gender|val:2.0
2022-09-16 21:48:34,405 [ERROR] [main] com.mobi.config.log.GameLog model:class com.mobi.config.configModel.HeroConfigModel|field:model_id|val:11.0
2022-09-16 21:48:34,407 [ERROR] [main] com.mobi.config.log.GameLog model:class com.mobi.config.configModel.MonsterGroupConfigModel|field:group_gid|val:1.0
2022-09-16 21:48:34,410 [ERROR] [main] com.mobi.config.log.GameLog model:class com.mobi.config.configModel.CardConfigModel|field:gender|val:2.0
2022-09-16 21:48:34,411 [ERROR] [main] com.mobi.config.log.GameLog model:class com.mobi.config.configModel.CardConfigModel|field:model_id|val:100.0
2022-09-16 21:51:21,124 [ERROR] [main] com.mobi.config.log.GameLog model:class com.mobi.config.configModel.CharacterConfigModel|field:character_type|val:IN:[1;2]
2022-09-16 21:51:21,126 [ERROR] [main] com.mobi.config.log.GameLog model:class com.mobi.config.configModel.CharacterConfigModel|field:gender|val:IN:[1;2]
2022-09-16 21:51:21,126 [ERROR] [main] com.mobi.config.log.GameLog 解析表class com.mobi.config.configModel.CharacterConfigModel时 ArrArrInt数据错误
2022-09-16 21:51:21,127 [ERROR] [main] com.mobi.config.log.GameLog model:class com.mobi.config.configModel.CharacterConfigModel|field:id|val:LimitRow
2022-09-16 21:51:21,132 [ERROR] [main] com.mobi.config.log.GameLog model:class com.mobi.config.configModel.MonsterConfigModel|field:character_type|val:1.0
2022-09-16 21:51:21,133 [ERROR] [main] com.mobi.config.log.GameLog model:class com.mobi.config.configModel.MonsterConfigModel|field:gender|val:2.0
2022-09-16 21:51:21,133 [ERROR] [main] com.mobi.config.log.GameLog model:class com.mobi.config.configModel.MonsterConfigModel|field:model_id|val:101.0
2022-09-16 21:51:21,133 [ERROR] [main] com.mobi.config.log.GameLog 解析表class com.mobi.config.configModel.MonsterConfigModel时 ArrArrInt数据错误
2022-09-16 21:51:21,135 [ERROR] [main] com.mobi.config.log.GameLog model:class com.mobi.config.configModel.HeroConfigModel|field:gender|val:2.0
2022-09-16 21:51:21,135 [ERROR] [main] com.mobi.config.log.GameLog model:class com.mobi.config.configModel.HeroConfigModel|field:model_id|val:11.0
2022-09-16 21:51:21,137 [ERROR] [main] com.mobi.config.log.GameLog model:class com.mobi.config.configModel.MonsterGroupConfigModel|field:group_gid|val:1.0
2022-09-16 21:51:21,140 [ERROR] [main] com.mobi.config.log.GameLog model:class com.mobi.config.configModel.CardConfigModel|field:gender|val:2.0
2022-09-16 21:51:21,140 [ERROR] [main] com.mobi.config.log.GameLog model:class com.mobi.config.configModel.CardConfigModel|field:model_id|val:100.0
2022-09-16 21:52:17,435 [ERROR] [main] com.mobi.config.log.GameLog model:class com.mobi.config.configModel.CharacterConfigModel|field:character_type|val:IN:[1;2]
2022-09-16 21:52:17,438 [ERROR] [main] com.mobi.config.log.GameLog model:class com.mobi.config.configModel.CharacterConfigModel|field:gender|val:IN:[1;2]
2022-09-16 21:52:17,439 [ERROR] [main] com.mobi.config.log.GameLog 解析表class com.mobi.config.configModel.CharacterConfigModel时 ArrArrInt数据错误
2022-09-16 21:52:17,439 [ERROR] [main] com.mobi.config.log.GameLog model:class com.mobi.config.configModel.CharacterConfigModel|field:id|val:LimitRow
2022-09-16 21:52:17,445 [ERROR] [main] com.mobi.config.log.GameLog model:class com.mobi.config.configModel.MonsterConfigModel|field:character_type|val:1.0
2022-09-16 21:52:17,446 [ERROR] [main] com.mobi.config.log.GameLog model:class com.mobi.config.configModel.MonsterConfigModel|field:gender|val:2.0
2022-09-16 21:52:17,446 [ERROR] [main] com.mobi.config.log.GameLog model:class com.mobi.config.configModel.MonsterConfigModel|field:model_id|val:101.0
2022-09-16 21:52:17,446 [ERROR] [main] com.mobi.config.log.GameLog 解析表class com.mobi.config.configModel.MonsterConfigModel时 ArrArrInt数据错误
2022-09-16 21:52:17,449 [ERROR] [main] com.mobi.config.log.GameLog model:class com.mobi.config.configModel.HeroConfigModel|field:gender|val:2.0
2022-09-16 21:52:17,449 [ERROR] [main] com.mobi.config.log.GameLog model:class com.mobi.config.configModel.HeroConfigModel|field:model_id|val:11.0
2022-09-16 21:52:17,451 [ERROR] [main] com.mobi.config.log.GameLog model:class com.mobi.config.configModel.MonsterGroupConfigModel|field:group_gid|val:1.0
2022-09-16 21:52:17,454 [ERROR] [main] com.mobi.config.log.GameLog model:class com.mobi.config.configModel.CardConfigModel|field:gender|val:2.0
2022-09-16 21:52:17,454 [ERROR] [main] com.mobi.config.log.GameLog model:class com.mobi.config.configModel.CardConfigModel|field:model_id|val:100.0
2022-09-16 21:57:41,988 [ERROR] [main] com.mobi.config.log.GameLog model:class com.mobi.config.configModel.CharacterConfigModel|field:character_type|val:IN:[1;2]
2022-09-16 21:57:41,990 [ERROR] [main] com.mobi.config.log.GameLog model:class com.mobi.config.configModel.CharacterConfigModel|field:gender|val:IN:[1;2]
2022-09-16 21:57:41,991 [ERROR] [main] com.mobi.config.log.GameLog 解析表class com.mobi.config.configModel.CharacterConfigModel时 ArrArrInt数据错误
2022-09-16 21:57:41,992 [ERROR] [main] com.mobi.config.log.GameLog model:class com.mobi.config.configModel.CharacterConfigModel|field:id|val:LimitRow
2022-09-16 21:57:41,998 [ERROR] [main] com.mobi.config.log.GameLog model:class com.mobi.config.configModel.MonsterConfigModel|field:character_type|val:1.0
2022-09-16 21:57:41,998 [ERROR] [main] com.mobi.config.log.GameLog model:class com.mobi.config.configModel.MonsterConfigModel|field:gender|val:2.0
2022-09-16 21:57:41,999 [ERROR] [main] com.mobi.config.log.GameLog model:class com.mobi.config.configModel.MonsterConfigModel|field:model_id|val:101.0
2022-09-16 21:57:41,999 [ERROR] [main] com.mobi.config.log.GameLog 解析表class com.mobi.config.configModel.MonsterConfigModel时 ArrArrInt数据错误
2022-09-16 21:57:42,001 [ERROR] [main] com.mobi.config.log.GameLog model:class com.mobi.config.configModel.HeroConfigModel|field:gender|val:2.0
2022-09-16 21:57:42,001 [ERROR] [main] com.mobi.config.log.GameLog model:class com.mobi.config.configModel.HeroConfigModel|field:model_id|val:11.0
2022-09-16 21:57:42,003 [ERROR] [main] com.mobi.config.log.GameLog model:class com.mobi.config.configModel.MonsterGroupConfigModel|field:group_gid|val:1.0
2022-09-16 21:57:42,006 [ERROR] [main] com.mobi.config.log.GameLog model:class com.mobi.config.configModel.CardConfigModel|field:gender|val:2.0
2022-09-16 21:57:42,006 [ERROR] [main] com.mobi.config.log.GameLog model:class com.mobi.config.configModel.CardConfigModel|field:model_id|val:100.0
2022-09-16 22:00:53,119 [ERROR] [main] com.mobi.config.log.GameLog model:class com.mobi.config.configModel.CharacterConfigModel|field:character_type|val:IN:[1;2]
2022-09-16 22:00:53,122 [ERROR] [main] com.mobi.config.log.GameLog model:class com.mobi.config.configModel.CharacterConfigModel|field:gender|val:IN:[1;2]
2022-09-16 22:00:53,122 [ERROR] [main] com.mobi.config.log.GameLog 解析表class com.mobi.config.configModel.CharacterConfigModel时 ArrArrInt数据错误
2022-09-16 22:00:53,123 [ERROR] [main] com.mobi.config.log.GameLog model:class com.mobi.config.configModel.CharacterConfigModel|field:id|val:LimitRow
2022-09-16 22:00:53,127 [ERROR] [main] com.mobi.config.log.GameLog model:class com.mobi.config.configModel.MonsterConfigModel|field:character_type|val:1.0
2022-09-16 22:00:53,127 [ERROR] [main] com.mobi.config.log.GameLog model:class com.mobi.config.configModel.MonsterConfigModel|field:gender|val:2.0
2022-09-16 22:00:53,127 [ERROR] [main] com.mobi.config.log.GameLog model:class com.mobi.config.configModel.MonsterConfigModel|field:model_id|val:101.0
2022-09-16 22:00:53,128 [ERROR] [main] com.mobi.config.log.GameLog 解析表class com.mobi.config.configModel.MonsterConfigModel时 ArrArrInt数据错误
2022-09-16 22:00:53,129 [ERROR] [main] com.mobi.config.log.GameLog model:class com.mobi.config.configModel.HeroConfigModel|field:gender|val:2.0
2022-09-16 22:00:53,130 [ERROR] [main] com.mobi.config.log.GameLog model:class com.mobi.config.configModel.HeroConfigModel|field:model_id|val:11.0
2022-09-16 22:00:53,134 [ERROR] [main] com.mobi.config.log.GameLog model:class com.mobi.config.configModel.MonsterGroupConfigModel|field:group_gid|val:1.0
2022-09-16 22:00:53,136 [ERROR] [main] com.mobi.config.log.GameLog model:class com.mobi.config.configModel.CardConfigModel|field:gender|val:2.0
2022-09-16 22:00:53,137 [ERROR] [main] com.mobi.config.log.GameLog model:class com.mobi.config.configModel.CardConfigModel|field:model_id|val:100.0
2022-09-16 22:04:08,394 [ERROR] [main] com.mobi.config.log.GameLog model:class com.mobi.config.configModel.CharacterConfigModel|field:character_type|val:IN:[1;2]
2022-09-16 22:04:08,398 [ERROR] [main] com.mobi.config.log.GameLog model:class com.mobi.config.configModel.CharacterConfigModel|field:gender|val:IN:[1;2]
2022-09-16 22:04:08,399 [ERROR] [main] com.mobi.config.log.GameLog 解析表class com.mobi.config.configModel.CharacterConfigModel时 ArrArrInt数据错误
2022-09-16 22:04:08,399 [ERROR] [main] com.mobi.config.log.GameLog model:class com.mobi.config.configModel.CharacterConfigModel|field:id|val:LimitRow
2022-09-16 22:04:08,403 [ERROR] [main] com.mobi.config.log.GameLog model:class com.mobi.config.configModel.MonsterConfigModel|field:character_type|val:1.0
2022-09-16 22:04:08,404 [ERROR] [main] com.mobi.config.log.GameLog model:class com.mobi.config.configModel.MonsterConfigModel|field:gender|val:2.0
2022-09-16 22:04:08,404 [ERROR] [main] com.mobi.config.log.GameLog model:class com.mobi.config.configModel.MonsterConfigModel|field:model_id|val:101.0
2022-09-16 22:04:08,405 [ERROR] [main] com.mobi.config.log.GameLog 解析表class com.mobi.config.configModel.MonsterConfigModel时 ArrArrInt数据错误
2022-09-16 22:04:08,407 [ERROR] [main] com.mobi.config.log.GameLog model:class com.mobi.config.configModel.HeroConfigModel|field:gender|val:2.0
2022-09-16 22:04:08,407 [ERROR] [main] com.mobi.config.log.GameLog model:class com.mobi.config.configModel.HeroConfigModel|field:model_id|val:11.0
2022-09-16 22:04:08,410 [ERROR] [main] com.mobi.config.log.GameLog model:class com.mobi.config.configModel.MonsterGroupConfigModel|field:group_gid|val:1.0
2022-09-16 22:04:08,414 [ERROR] [main] com.mobi.config.log.GameLog model:class com.mobi.config.configModel.CardConfigModel|field:gender|val:2.0
2022-09-16 22:04:08,415 [ERROR] [main] com.mobi.config.log.GameLog model:class com.mobi.config.configModel.CardConfigModel|field:model_id|val:100.0
2022-09-16 22:15:04,413 [ERROR] [main] com.mobi.config.log.GameLog model:class com.mobi.config.configModel.CharacterConfigModel|field:character_type|val:IN:[1;2]
2022-09-16 22:15:04,415 [ERROR] [main] com.mobi.config.log.GameLog model:class com.mobi.config.configModel.CharacterConfigModel|field:gender|val:IN:[1;2]
2022-09-16 22:15:04,416 [ERROR] [main] com.mobi.config.log.GameLog 解析表class com.mobi.config.configModel.CharacterConfigModel时 ArrArrInt数据错误
2022-09-16 22:15:04,416 [ERROR] [main] com.mobi.config.log.GameLog model:class com.mobi.config.configModel.CharacterConfigModel|field:id|val:LimitRow
2022-09-16 22:15:04,420 [ERROR] [main] com.mobi.config.log.GameLog model:class com.mobi.config.configModel.MonsterConfigModel|field:character_type|val:1.0
2022-09-16 22:15:04,420 [ERROR] [main] com.mobi.config.log.GameLog model:class com.mobi.config.configModel.MonsterConfigModel|field:gender|val:2.0
2022-09-16 22:15:04,420 [ERROR] [main] com.mobi.config.log.GameLog model:class com.mobi.config.configModel.MonsterConfigModel|field:model_id|val:101.0
2022-09-16 22:15:04,421 [ERROR] [main] com.mobi.config.log.GameLog 解析表class com.mobi.config.configModel.MonsterConfigModel时 ArrArrInt数据错误
2022-09-16 22:15:04,423 [ERROR] [main] com.mobi.config.log.GameLog model:class com.mobi.config.configModel.HeroConfigModel|field:gender|val:2.0
2022-09-16 22:15:04,423 [ERROR] [main] com.mobi.config.log.GameLog model:class com.mobi.config.configModel.HeroConfigModel|field:model_id|val:11.0
2022-09-16 22:15:04,426 [ERROR] [main] com.mobi.config.log.GameLog model:class com.mobi.config.configModel.MonsterGroupConfigModel|field:group_gid|val:1.0
2022-09-16 22:15:04,428 [ERROR] [main] com.mobi.config.log.GameLog model:class com.mobi.config.configModel.CardConfigModel|field:gender|val:2.0
2022-09-16 22:15:04,428 [ERROR] [main] com.mobi.config.log.GameLog model:class com.mobi.config.configModel.CardConfigModel|field:model_id|val:100.0
2022-09-16 22:16:20,554 [ERROR] [main] com.mobi.config.log.GameLog model:class com.mobi.config.configModel.CharacterConfigModel|field:character_type|val:IN:[1;2]
2022-09-16 22:16:20,557 [ERROR] [main] com.mobi.config.log.GameLog model:class com.mobi.config.configModel.CharacterConfigModel|field:gender|val:IN:[1;2]
2022-09-16 22:16:20,558 [ERROR] [main] com.mobi.config.log.GameLog 解析表class com.mobi.config.configModel.CharacterConfigModel时 ArrArrInt数据错误
2022-09-16 22:16:20,558 [ERROR] [main] com.mobi.config.log.GameLog model:class com.mobi.config.configModel.CharacterConfigModel|field:id|val:LimitRow
2022-09-16 22:16:20,561 [ERROR] [main] com.mobi.config.log.GameLog model:class com.mobi.config.configModel.MonsterConfigModel|field:character_type|val:1.0
2022-09-16 22:16:20,562 [ERROR] [main] com.mobi.config.log.GameLog model:class com.mobi.config.configModel.MonsterConfigModel|field:gender|val:2.0
2022-09-16 22:16:20,562 [ERROR] [main] com.mobi.config.log.GameLog model:class com.mobi.config.configModel.MonsterConfigModel|field:model_id|val:101.0
2022-09-16 22:16:20,562 [ERROR] [main] com.mobi.config.log.GameLog 解析表class com.mobi.config.configModel.MonsterConfigModel时 ArrArrInt数据错误
2022-09-16 22:16:20,564 [ERROR] [main] com.mobi.config.log.GameLog model:class com.mobi.config.configModel.HeroConfigModel|field:gender|val:2.0
2022-09-16 22:16:20,564 [ERROR] [main] com.mobi.config.log.GameLog model:class com.mobi.config.configModel.HeroConfigModel|field:model_id|val:11.0
2022-09-16 22:16:20,566 [ERROR] [main] com.mobi.config.log.GameLog model:class com.mobi.config.configModel.MonsterGroupConfigModel|field:group_gid|val:1.0
2022-09-16 22:16:20,568 [ERROR] [main] com.mobi.config.log.GameLog model:class com.mobi.config.configModel.CardConfigModel|field:gender|val:2.0
2022-09-16 22:16:20,569 [ERROR] [main] com.mobi.config.log.GameLog model:class com.mobi.config.configModel.CardConfigModel|field:model_id|val:100.0
2022-09-16 22:23:10,788 [ERROR] [main] com.mobi.config.log.GameLog model:class com.mobi.config.configModel.CharacterConfigModel|field:character_type|val:IN:[1;2]
2022-09-16 22:23:10,791 [ERROR] [main] com.mobi.config.log.GameLog model:class com.mobi.config.configModel.CharacterConfigModel|field:gender|val:IN:[1;2]
2022-09-16 22:23:10,792 [ERROR] [main] com.mobi.config.log.GameLog 解析表class com.mobi.config.configModel.CharacterConfigModel时 ArrArrInt数据错误
2022-09-16 22:23:10,792 [ERROR] [main] com.mobi.config.log.GameLog model:class com.mobi.config.configModel.CharacterConfigModel|field:id|val:LimitRow
2022-09-16 22:23:10,796 [ERROR] [main] com.mobi.config.log.GameLog model:class com.mobi.config.configModel.MonsterConfigModel|field:character_type|val:1.0
2022-09-16 22:23:10,797 [ERROR] [main] com.mobi.config.log.GameLog model:class com.mobi.config.configModel.MonsterConfigModel|field:gender|val:2.0
2022-09-16 22:23:10,797 [ERROR] [main] com.mobi.config.log.GameLog model:class com.mobi.config.configModel.MonsterConfigModel|field:model_id|val:101.0
2022-09-16 22:23:10,797 [ERROR] [main] com.mobi.config.log.GameLog 解析表class com.mobi.config.configModel.MonsterConfigModel时 ArrArrInt数据错误
2022-09-16 22:23:10,799 [ERROR] [main] com.mobi.config.log.GameLog model:class com.mobi.config.configModel.HeroConfigModel|field:gender|val:2.0
2022-09-16 22:23:10,800 [ERROR] [main] com.mobi.config.log.GameLog model:class com.mobi.config.configModel.HeroConfigModel|field:model_id|val:11.0
2022-09-16 22:23:10,801 [ERROR] [main] com.mobi.config.log.GameLog model:class com.mobi.config.configModel.MonsterGroupConfigModel|field:group_gid|val:1.0
2022-09-16 22:23:10,804 [ERROR] [main] com.mobi.config.log.GameLog model:class com.mobi.config.configModel.CardConfigModel|field:gender|val:2.0
2022-09-16 22:23:10,804 [ERROR] [main] com.mobi.config.log.GameLog model:class com.mobi.config.configModel.CardConfigModel|field:model_id|val:100.0
2022-09-16 22:24:16,154 [ERROR] [main] com.mobi.config.log.GameLog com.mobi.config.ConfigManager
java.lang.ClassNotFoundException: com.mobi.config.ConfigManager
	at java.net.URLClassLoader.findClass(URLClassLoader.java:387) ~[?:1.8.0_341]
	at java.lang.ClassLoader.loadClass(ClassLoader.java:418) ~[?:1.8.0_341]
	at java.net.FactoryURLClassLoader.loadClass(URLClassLoader.java:822) ~[?:1.8.0_341]
	at java.lang.ClassLoader.loadClass(ClassLoader.java:351) ~[?:1.8.0_341]
	at com.tools.parserconfig.XlsxMain_AVG.check(XlsxMain_AVG.java:257) [ExcelParser/:?]
	at com.tools.parserconfig.XlsxMain_AVG.main(XlsxMain_AVG.java:207) [ExcelParser/:?]
	at com.tools.parserconfig.test.main(test.java:92) [ExcelParser/:?]
