2022-09-21 10:20:26,940 [ERROR] [main] com.mobi.config.log.GameLog com.mobi.config.ConfigManager
java.lang.ClassNotFoundException: com.mobi.config.ConfigManager
	at java.net.URLClassLoader.findClass(URLClassLoader.java:387) ~[?:1.8.0_341]
	at java.lang.ClassLoader.loadClass(ClassLoader.java:418) ~[?:1.8.0_341]
	at java.net.FactoryURLClassLoader.loadClass(URLClassLoader.java:822) ~[?:1.8.0_341]
	at java.lang.ClassLoader.loadClass(ClassLoader.java:351) ~[?:1.8.0_341]
	at com.tools.parserconfig.XlsxMain_AVG.check(XlsxMain_AVG.java:258) [ExcelParser/:?]
	at com.tools.parserconfig.XlsxMain_AVG.main(XlsxMain_AVG.java:207) [ExcelParser/:?]
	at com.tools.parserconfig.test.main(test.java:92) [ExcelParser/:?]
2022-09-21 10:47:08,071 [INFO ] [main] com.mobi.log.GameLog 加载data\Character.xml
2022-09-21 10:47:08,076 [INFO ] [main] com.mobi.log.GameLog 加载data\Character.xml
2022-09-21 10:47:08,082 [ERROR] [main] com.mobi.log.GameLog [EX]java.io.FileNotFoundException: C:\svn\06_tools_sourcecode\ExcelParser\data\Character.xml (系统找不到指定的文件。)
2022-09-21 10:47:08,082 [ERROR] [main] com.mobi.log.GameLog Parse xml Error: class com.mobi.config.configModel.CharacterConfigModel
2022-09-21 11:47:33,818 [INFO ] [main] com.mobi.log.GameLog 加载data\Character.xml
2022-09-21 11:47:33,823 [INFO ] [main] com.mobi.log.GameLog 加载data\Character.xml
2022-09-21 11:47:33,828 [ERROR] [main] com.mobi.log.GameLog [EX]java.io.FileNotFoundException: E:\ExcelParserGit\ExcelParser\data\Character.xml (系统找不到指定的文件。)
2022-09-21 11:47:33,828 [ERROR] [main] com.mobi.log.GameLog Parse xml Error: class com.mobi.config.configModel.CharacterConfigModel
2022-09-21 11:48:44,929 [INFO ] [main] com.mobi.log.GameLog 加载data\Character.xml
2022-09-21 11:48:44,933 [INFO ] [main] com.mobi.log.GameLog 加载data\Character.xml
2022-09-21 11:48:44,940 [ERROR] [main] com.mobi.log.GameLog [EX]java.io.FileNotFoundException: E:\ExcelParserGit\ExcelParser\data\Character.xml (系统找不到指定的文件。)
2022-09-21 11:48:44,940 [ERROR] [main] com.mobi.log.GameLog Parse xml Error: class com.mobi.config.configModel.CharacterConfigModel
2022-09-21 13:43:07,547 [INFO ] [main] com.mobi.log.GameLog 加载data\Character.xml
2022-09-21 13:43:07,551 [INFO ] [main] com.mobi.log.GameLog 加载data\Character.xml
2022-09-21 13:43:07,556 [ERROR] [main] com.mobi.log.GameLog [EX]java.io.FileNotFoundException: E:\ExcelParserGit\ExcelParser\data\Character.xml (系统找不到指定的文件。)
2022-09-21 13:43:07,557 [ERROR] [main] com.mobi.log.GameLog Parse xml Error: class com.mobi.config.configModel.CharacterConfigModel
2022-09-21 13:54:08,426 [INFO ] [main] com.mobi.log.GameLog 加载data\Character.xml
2022-09-21 13:54:08,440 [INFO ] [main] com.mobi.log.GameLog 加载data\Character.xml
2022-09-21 13:54:08,459 [ERROR] [main] com.mobi.log.GameLog [EX]java.io.FileNotFoundException: E:\ExcelParserGit\ExcelParser\data\Character.xml (系统找不到指定的文件。)
2022-09-21 13:54:08,460 [ERROR] [main] com.mobi.log.GameLog Parse xml Error: class com.mobi.config.configModel.CharacterConfigModel
2022-09-21 14:16:39,349 [INFO ] [main] com.mobi.log.GameLog 加载data\Character.xml
2022-09-21 14:16:39,354 [INFO ] [main] com.mobi.log.GameLog 加载data\Character.xml
2022-09-21 14:16:39,359 [ERROR] [main] com.mobi.log.GameLog [EX]java.io.FileNotFoundException: E:\ExcelParserGit\ExcelParser\data\Character.xml (系统找不到指定的文件。)
2022-09-21 14:16:39,360 [ERROR] [main] com.mobi.log.GameLog Parse xml Error: class com.mobi.config.configModel.CharacterConfigModel
2022-09-21 14:21:09,441 [INFO ] [main] com.mobi.log.GameLog 加载data\Character.xml
2022-09-21 14:21:09,445 [INFO ] [main] com.mobi.log.GameLog 加载data\Character.xml
2022-09-21 14:21:09,458 [ERROR] [main] com.mobi.log.GameLog model:class com.mobi.config.configModel.CharacterConfigModel|field:character_type|val:IN:[1;2]
2022-09-21 14:21:09,460 [ERROR] [main] com.mobi.log.GameLog model:class com.mobi.config.configModel.CharacterConfigModel|field:gender|val:IN:[1;2]
2022-09-21 14:21:09,460 [ERROR] [main] com.mobi.log.GameLog 解析表class com.mobi.config.configModel.CharacterConfigModel时 ArrArrInt数据错误
2022-09-21 14:21:09,460 [ERROR] [main] com.mobi.log.GameLog model:class com.mobi.config.configModel.CharacterConfigModel|field:id|val:LimitRow
2022-09-21 14:21:09,461 [INFO ] [main] com.mobi.log.GameLog 加载data\Monster.xml
2022-09-21 14:21:09,461 [INFO ] [main] com.mobi.log.GameLog 加载data\Monster.xml
2022-09-21 14:21:09,464 [ERROR] [main] com.mobi.log.GameLog model:class com.mobi.config.configModel.MonsterConfigModel|field:character_type|val:1.0
2022-09-21 14:21:09,465 [ERROR] [main] com.mobi.log.GameLog model:class com.mobi.config.configModel.MonsterConfigModel|field:gender|val:2.0
2022-09-21 14:21:09,465 [ERROR] [main] com.mobi.log.GameLog model:class com.mobi.config.configModel.MonsterConfigModel|field:model_id|val:101.0
2022-09-21 14:21:09,465 [ERROR] [main] com.mobi.log.GameLog 解析表class com.mobi.config.configModel.MonsterConfigModel时 ArrArrInt数据错误
2022-09-21 14:21:09,466 [INFO ] [main] com.mobi.log.GameLog 加载data\Hero.xml
2022-09-21 14:21:09,466 [INFO ] [main] com.mobi.log.GameLog 加载data\Hero.xml
2022-09-21 14:21:09,467 [ERROR] [main] com.mobi.log.GameLog model:class com.mobi.config.configModel.HeroConfigModel|field:gender|val:2.0
2022-09-21 14:21:09,467 [ERROR] [main] com.mobi.log.GameLog model:class com.mobi.config.configModel.HeroConfigModel|field:model_id|val:11.0
2022-09-21 14:21:09,468 [INFO ] [main] com.mobi.log.GameLog 加载data\MonsterGroup.xml
2022-09-21 14:21:09,468 [INFO ] [main] com.mobi.log.GameLog 加载data\MonsterGroup.xml
2022-09-21 14:21:09,469 [ERROR] [main] com.mobi.log.GameLog model:class com.mobi.config.configModel.MonsterGroupConfigModel|field:group_gid|val:1.0
2022-09-21 14:21:09,470 [INFO ] [main] com.mobi.log.GameLog 加载data\Card.xml
2022-09-21 14:21:09,470 [INFO ] [main] com.mobi.log.GameLog 加载data\Card.xml
2022-09-21 14:21:09,472 [ERROR] [main] com.mobi.log.GameLog model:class com.mobi.config.configModel.CardConfigModel|field:gender|val:2.0
2022-09-21 14:21:09,472 [ERROR] [main] com.mobi.log.GameLog model:class com.mobi.config.configModel.CardConfigModel|field:model_id|val:100.0
